{
  "stats": {
    "suites": 1,
    "tests": 1,
    "passes": 1,
    "pending": 0,
    "failures": 0,
    "start": "2022-05-10T06:01:28.091Z",
    "end": "2022-05-10T06:01:31.369Z",
    "duration": 3278,
    "testsRegistered": 1,
    "passPercent": 100,
    "pendingPercent": 0,
    "other": 0,
    "hasOther": false,
    "skipped": 0,
    "hasSkipped": false
  },
  "results": [
    {
      "uuid": "0c827959-9f68-4a66-9ea4-106fa42c2433",
      "title": "",
      "fullFile": "cypress/integration/products_spec.js",
      "file": "cypress/integration/products_spec.js",
      "beforeHooks": [],
      "afterHooks": [],
      "tests": [],
      "suites": [
        {
          "uuid": "2990a16f-4625-4b45-897e-f0e279ca5d4c",
          "title": "Catena Demo",
          "fullFile": "",
          "file": "",
          "beforeHooks": [],
          "afterHooks": [],
          "tests": [
            {
              "title": "Successful login",
              "fullTitle": "Catena Demo Successful login",
              "timedOut": null,
              "duration": 1454,
              "state": "passed",
              "speed": "fast",
              "pass": true,
              "fail": false,
              "pending": false,
              "context": null,
              "code": "cy.visit(\"https://www.saucedemo.com/\");\ncy.get('#user-name').type('standard_user').should('have.value', 'standard_user');\ncy.get('input[id=\"password\"]').type('secret_sauce');\ncy.get('#login-button').click();\ncy.get('.app_logo');\ncy.get('.title').should('contain.text', 'Products');\ncy.get('#item_4_title_link > .inventory_item_name').should('contain.text', 'Sauce');\ncy.get('#item_3_title_link > .inventory_item_name').should('contain.text', 'Red');",
              "err": {},
              "uuid": "7157cbe6-c88b-4997-b79c-3ba9e34b2a7d",
              "parentUUID": "2990a16f-4625-4b45-897e-f0e279ca5d4c",
              "isHook": false,
              "skipped": false
            }
          ],
          "suites": [],
          "passes": [
            "7157cbe6-c88b-4997-b79c-3ba9e34b2a7d"
          ],
          "failures": [],
          "pending": [],
          "skipped": [],
          "duration": 1454,
          "root": false,
          "rootEmpty": false,
          "_timeout": 2000
        }
      ],
      "passes": [],
      "failures": [],
      "pending": [],
      "skipped": [],
      "duration": 0,
      "root": true,
      "rootEmpty": true,
      "_timeout": 2000
    }
  ],
  "meta": {
    "mocha": {
      "version": "7.0.1"
    },
    "mochawesome": {
      "options": {
        "quiet": false,
        "reportFilename": "mochawesome",
        "saveHtml": false,
        "saveJson": true,
        "consoleReporter": "spec",
        "useInlineDiffs": false,
        "code": true
      },
      "version": "7.1.3"
    },
    "marge": {
      "options": {
        "reportDir": "cypress/results",
        "overwrite": false,
        "html": false,
        "json": true
      },
      "version": "6.2.0"
    }
  }
}