{
  "stats": {
    "suites": 1,
    "tests": 4,
    "passes": 4,
    "pending": 0,
    "failures": 0,
    "start": "2022-05-10T06:01:01.938Z",
    "end": "2022-05-10T06:01:21.884Z",
    "duration": 19946,
    "testsRegistered": 4,
    "passPercent": 100,
    "pendingPercent": 0,
    "other": 0,
    "hasOther": false,
    "skipped": 0,
    "hasSkipped": false
  },
  "results": [
    {
      "uuid": "890bce61-2ff7-41ed-81d8-524cd559476f",
      "title": "",
      "fullFile": "cypress/integration/login_spec.js",
      "file": "cypress/integration/login_spec.js",
      "beforeHooks": [],
      "afterHooks": [],
      "tests": [],
      "suites": [
        {
          "uuid": "9875d06a-dec0-4250-9c23-79e0991441a8",
          "title": "Catena Demo",
          "fullFile": "",
          "file": "",
          "beforeHooks": [],
          "afterHooks": [],
          "tests": [
            {
              "title": "Successful login",
              "fullTitle": "Catena Demo Successful login",
              "timedOut": null,
              "duration": 6633,
              "state": "passed",
              "speed": "medium",
              "pass": true,
              "fail": false,
              "pending": false,
              "context": null,
              "code": "cy.visit(\"https://www.saucedemo.com/\");\ncy.get('#user-name').type('standard_user').should('have.value', 'standard_user');\ncy.get('input[id=\"password\"]').type('secret_sauce');\ncy.get('#login-button').click();\ncy.get('.app_logo');\ncy.get('.title').should('contain.text', 'Products');\ncy.get('[data-test=\"add-to-cart-sauce-labs-backpack\"]').click();\ncy.get('.shopping_cart_link').click();\ncy.get('.cart_desc_label').should('contain.text', 'DESCRIPTION');\ncy.get('.inventory_item_name').should('contain.text', 'Sauce');\ncy.get('[data-test=\"checkout\"]').click();\ncy.get('[data-test=\"firstName\"]').type('TestUser');\ncy.get('[data-test=\"lastName\"]').type('Usertester');\ncy.get('[data-test=\"postalCode\"]').type('40100');\ncy.get('[data-test=\"continue\"]').click();\ncy.get('.summary_total_label').should('contain.text', 'Total');\ncy.get('[data-test=\"finish\"]').click();\ncy.get('.pony_express').should('have.attr', 'src', '/static/media/pony-express.46394a5d.png');\ncy.get('[data-test=\"back-to-products\"]').click();\ncy.get('.bm-burger-button').click();\ncy.get('#logout_sidebar_link').click();",
              "err": {},
              "uuid": "2fb50771-1e5c-4587-8ff8-613db7346da9",
              "parentUUID": "9875d06a-dec0-4250-9c23-79e0991441a8",
              "isHook": false,
              "skipped": false
            },
            {
              "title": "locked_out_user",
              "fullTitle": "Catena Demo locked_out_user",
              "timedOut": null,
              "duration": 1443,
              "state": "passed",
              "speed": "fast",
              "pass": true,
              "fail": false,
              "pending": false,
              "context": null,
              "code": "cy.visit(\"https://www.saucedemo.com/\");\ncy.get('#user-name').type('locked_out_user').should('have.value', 'locked_out_user');\ncy.get('input[id=\"password\"]').type('secret_sauce');\ncy.get('#login-button').click();\ncy.get('[data-test=\"error\"]').should('contain.text', 'Sorry, this user has been locked out');",
              "err": {},
              "uuid": "df7a0d84-ff11-40ff-9ba7-cd85d01435b6",
              "parentUUID": "9875d06a-dec0-4250-9c23-79e0991441a8",
              "isHook": false,
              "skipped": false
            },
            {
              "title": "problem_user",
              "fullTitle": "Catena Demo problem_user",
              "timedOut": null,
              "duration": 1485,
              "state": "passed",
              "speed": "fast",
              "pass": true,
              "fail": false,
              "pending": false,
              "context": null,
              "code": "cy.visit(\"https://www.saucedemo.com/\");\ncy.get('#user-name').type('problem_user').should('have.value', 'problem_user');\ncy.get('input[id=\"password\"]').type('secret_sauce');\ncy.get('#login-button').click();\ncy.get('#item_4_img_link > .inventory_item_img').should('have.attr', 'src', '/static/media/sl-404.168b1cce.jpg');\ncy.get('.bm-burger-button').click();\ncy.get('#logout_sidebar_link').click();",
              "err": {},
              "uuid": "43752d6f-d51f-4fbe-9e11-c1e80a639dcf",
              "parentUUID": "9875d06a-dec0-4250-9c23-79e0991441a8",
              "isHook": false,
              "skipped": false
            },
            {
              "title": "performance_glitch_user",
              "fullTitle": "Catena Demo performance_glitch_user",
              "timedOut": null,
              "duration": 6876,
              "state": "passed",
              "speed": "medium",
              "pass": true,
              "fail": false,
              "pending": false,
              "context": null,
              "code": "cy.visit(\"https://www.saucedemo.com/\");\ncy.get('#user-name').type('performance_glitch_user').should('have.value', 'performance_glitch_user');\ncy.get('input[id=\"password\"]').type('secret_sauce');\ncy.get('#login-button').click();\ncy.get('#item_4_img_link > .inventory_item_img').should('have.attr', 'src', '/static/media/sauce-backpack-1200x1500.34e7aa42.jpg');\ncy.get('.bm-burger-button').click();\ncy.get('#logout_sidebar_link').click();",
              "err": {},
              "uuid": "3b7386b7-96a8-40c1-966f-e7b8915bf2cb",
              "parentUUID": "9875d06a-dec0-4250-9c23-79e0991441a8",
              "isHook": false,
              "skipped": false
            }
          ],
          "suites": [],
          "passes": [
            "2fb50771-1e5c-4587-8ff8-613db7346da9",
            "df7a0d84-ff11-40ff-9ba7-cd85d01435b6",
            "43752d6f-d51f-4fbe-9e11-c1e80a639dcf",
            "3b7386b7-96a8-40c1-966f-e7b8915bf2cb"
          ],
          "failures": [],
          "pending": [],
          "skipped": [],
          "duration": 16437,
          "root": false,
          "rootEmpty": false,
          "_timeout": 2000
        }
      ],
      "passes": [],
      "failures": [],
      "pending": [],
      "skipped": [],
      "duration": 0,
      "root": true,
      "rootEmpty": true,
      "_timeout": 2000
    }
  ],
  "meta": {
    "mocha": {
      "version": "7.0.1"
    },
    "mochawesome": {
      "options": {
        "quiet": false,
        "reportFilename": "mochawesome",
        "saveHtml": false,
        "saveJson": true,
        "consoleReporter": "spec",
        "useInlineDiffs": false,
        "code": true
      },
      "version": "7.1.3"
    },
    "marge": {
      "options": {
        "reportDir": "cypress/results",
        "overwrite": false,
        "html": false,
        "json": true
      },
      "version": "6.2.0"
    }
  }
}